[2020-05-19T01:35:03.072676+03:00] logger.INFO: Начало [] []
[2020-05-19T01:35:03.073888+03:00] logger.INFO: Разница использования памяти: 7800 [] []
[2020-05-19T01:35:03.074000+03:00] logger.INFO: Инициируем массив [] []
[2020-05-19T01:35:03.081683+03:00] logger.INFO: Разница использования памяти: 33566408 [] []
[2020-05-19T01:35:03.081905+03:00] logger.INFO: В цикле [] []
[2020-05-19T01:35:03.082053+03:00] logger.INFO: Разница использования памяти: 33566408 [] []
[2020-05-19T01:35:03.096875+03:00] logger.INFO: В цикле [] []
[2020-05-19T01:35:03.097008+03:00] logger.INFO: Разница использования памяти: 33566408 [] []
[2020-05-19T01:35:03.097758+03:00] logger.INFO: В цикле [] []
[2020-05-19T01:35:03.097885+03:00] logger.INFO: Разница использования памяти: 33566408 [] []
[2020-05-19T01:35:03.098010+03:00] logger.INFO: В цикле [] []
[2020-05-19T01:35:03.098133+03:00] logger.INFO: Разница использования памяти: 33566408 [] []
[2020-05-19T01:35:03.098258+03:00] logger.INFO: В цикле [] []
[2020-05-19T01:35:03.098379+03:00] logger.INFO: Разница использования памяти: 33566408 [] []
[2020-05-19T01:35:03.098507+03:00] logger.INFO: В цикле [] []
[2020-05-19T01:35:03.098649+03:00] logger.INFO: Разница использования памяти: 33566408 [] []
[2020-05-19T01:35:03.098777+03:00] logger.INFO: В цикле [] []
[2020-05-19T01:35:03.098849+03:00] logger.INFO: Разница использования памяти: 33566408 [] []
[2020-05-19T01:35:03.098921+03:00] logger.INFO: Удалим массив [] []
[2020-05-19T01:35:03.101019+03:00] logger.INFO: Разница использования памяти: 7800 [] []
[2020-05-19T01:35:03.101094+03:00] logger.INFO: Факториал [] []
[2020-05-19T01:35:03.101945+03:00] logger.INFO: 418856 [] []
[2020-05-19T01:35:03.102046+03:00] logger.INFO: Разница использования памяти: 7800 [] []
